bitcoin-ticker-flutter/build/app/intermediates/manifest_merge_blame_file/release/manifest-merger-blame-release-report.txt
1<?xml version="1.0" encoding="utf-8"?>
2<manifest xmlns:android="http://schemas.android.com/apk/res/android"
3    package="co.appbrewery.bitcoin_ticker"
4    android:versionCode="1"
5    android:versionName="1.0.0" >
6
7    <uses-sdk
8        android:minSdkVersion="16"
8-->src\main\AndroidManifest.xml
9        android:targetSdkVersion="29" />
9-->src\main\AndroidManifest.xml
10
11    <!--
12         io.flutter.app.FlutterApplication is an android.app.Application that
13         calls FlutterMain.startInitialization(this); in its onCreate method.
14         In most cases you can leave this as-is, but you if you want to provide
15         additional functionality it is fine to subclass or reimplement
16         FlutterApplication and put your custom class here.
17    -->
18    <uses-permission android:name="android.permission.INTERNET" />
18-->src\main\AndroidManifest.xml:9:5-66
18-->src\main\AndroidManifest.xml:9:22-64
19
20    <application
20-->src\main\AndroidManifest.xml:10:5-33:19
21        android:name="io.flutter.app.FlutterApplication"
21-->src\main\AndroidManifest.xml:11:9-57
22        android:appComponentFactory="androidx.core.app.CoreComponentFactory"
22-->[androidx.core:core:1.1.0] AndroidManifest.xml:24:18-86
23        android:icon="@mipmap/ic_launcher"
23-->src\main\AndroidManifest.xml:13:9-43
24        android:label="bitcoin_ticker" >
24-->src\main\AndroidManifest.xml:12:9-39
25        <activity
25-->src\main\AndroidManifest.xml:14:9-32:20
26            android:name="co.appbrewery.bitcoin_ticker.MainActivity"
26-->src\main\AndroidManifest.xml:15:13-41
27            android:configChanges="orientation|keyboardHidden|keyboard|screenSize|locale|layoutDirection|fontScale|screenLayout|density|uiMode"
27-->src\main\AndroidManifest.xml:18:13-144
28            android:hardwareAccelerated="true"
28-->src\main\AndroidManifest.xml:19:13-47
29            android:launchMode="singleTop"
29-->src\main\AndroidManifest.xml:16:13-43
30            android:theme="@style/LaunchTheme"
30-->src\main\AndroidManifest.xml:17:13-47
31            android:windowSoftInputMode="adjustResize" >
31-->src\main\AndroidManifest.xml:20:13-55
32
33            <!--
34                 This keeps the window background of the activity showing
35                 until Flutter renders its first frame. It can be removed if
36                 there is no splash screen (such as the default splash screen
37                 defined in @style/LaunchTheme).
38            -->
39            <meta-data
39-->src\main\AndroidManifest.xml:25:13-27:40
40                android:name="io.flutter.app.android.SplashScreenUntilFirstFrame"
40-->src\main\AndroidManifest.xml:26:17-82
41                android:value="true" />
41-->src\main\AndroidManifest.xml:27:17-37
42
43            <intent-filter>
43-->src\main\AndroidManifest.xml:28:13-31:29
44                <action android:name="android.intent.action.MAIN" />
44-->src\main\AndroidManifest.xml:29:17-68
44-->src\main\AndroidManifest.xml:29:25-66
45
46                <category android:name="android.intent.category.LAUNCHER" />
46-->src\main\AndroidManifest.xml:30:17-76
46-->src\main\AndroidManifest.xml:30:27-74
47            </intent-filter>
48        </activity>
49    </application>
50
51</manifest>